<?xml version="1.0" encoding="UTF-8"?>
<!-- Generated by org.testng.reporters.JUnitXMLReporter -->
<testsuite ignored="0" hostname="LAPTOP-28D0TQ3R" failures="0" tests="4" name="Surefire test" time="0.046" errors="0" timestamp="2025-12-30T14:45:10 IST">
  <testcase classname="com.practice.Homepage.HomePageTest" name="createContact" time="0.0"/>
  <testcase classname="com.practice.Homepage.HomePageTest" name="createOrg" time="0.0"/>
  <testcase classname="com.practice.LoginPage.LoginPageTest" name="createUser" time="0.0"/>
  <testcase classname="com.practice.LoginPage.LoginPageTest" name="loginUser" time="0.001"/>
</testsuite> <!-- Surefire test -->
