<?xml version="1.0" encoding="UTF-8"?>
<!-- Generated by org.testng.reporters.JUnitReportReporter -->
<testsuite hostname="LAPTOP-28D0TQ3R" failures="0" tests="2" name="com.practice.Homepage.HomePageTest" time="0.000" errors="0" timestamp="2025-12-30T14:45:10 IST" skipped="0">
  <testcase classname="com.practice.Homepage.HomePageTest" name="createOrg" time="0.000"/>
  <testcase classname="com.practice.Homepage.HomePageTest" name="createContact" time="0.000"/>
</testsuite> <!-- com.practice.Homepage.HomePageTest -->
