<?xml version="1.0" encoding="UTF-8"?>
<!-- Generated by org.testng.reporters.JUnitReportReporter -->
<testsuite hostname="LAPTOP-28D0TQ3R" failures="0" tests="2" name="com.practice.LoginPage.LoginPageTest" time="0.001" errors="0" timestamp="2025-12-30T14:45:10 IST" skipped="0">
  <testcase classname="com.practice.LoginPage.LoginPageTest" name="createUser" time="0.000"/>
  <testcase classname="com.practice.LoginPage.LoginPageTest" name="loginUser" time="0.001"/>
</testsuite> <!-- com.practice.LoginPage.LoginPageTest -->
