<?xml version="1.0" encoding="UTF-8"?>
<testng-results ignored="0" total="4" passed="4" failed="0" skipped="0">
  <reporter-output>
  </reporter-output>
  <suite started-at="2025-12-30T14:45:09 IST" name="Surefire suite" finished-at="2025-12-30T14:45:10 IST" duration-ms="46">
    <groups>
    </groups>
    <test started-at="2025-12-30T14:45:09 IST" name="Surefire test" finished-at="2025-12-30T14:45:10 IST" duration-ms="46">
      <class name="com.practice.Homepage.HomePageTest">
        <test-method signature="createOrg()[pri:0, instance:com.practice.Homepage.HomePageTest@223f3642]" started-at="2025-12-30T14:45:10 IST" name="createOrg" finished-at="2025-12-30T14:45:10 IST" duration-ms="0" status="PASS">
          <reporter-output>
          </reporter-output>
        </test-method> <!-- createOrg -->
        <test-method signature="createContact()[pri:0, instance:com.practice.Homepage.HomePageTest@223f3642]" started-at="2025-12-30T14:45:10 IST" name="createContact" finished-at="2025-12-30T14:45:10 IST" duration-ms="0" status="PASS">
          <reporter-output>
          </reporter-output>
        </test-method> <!-- createContact -->
      </class> <!-- com.practice.Homepage.HomePageTest -->
      <class name="com.practice.LoginPage.LoginPageTest">
        <test-method signature="createUser()[pri:0, instance:com.practice.LoginPage.LoginPageTest@3c72f59f]" started-at="2025-12-30T14:45:10 IST" name="createUser" finished-at="2025-12-30T14:45:10 IST" duration-ms="0" status="PASS">
          <reporter-output>
          </reporter-output>
        </test-method> <!-- createUser -->
        <test-method signature="loginUser()[pri:0, instance:com.practice.LoginPage.LoginPageTest@3c72f59f]" started-at="2025-12-30T14:45:10 IST" name="loginUser" finished-at="2025-12-30T14:45:10 IST" duration-ms="1" status="PASS">
          <reporter-output>
          </reporter-output>
        </test-method> <!-- loginUser -->
      </class> <!-- com.practice.LoginPage.LoginPageTest -->
    </test> <!-- Surefire test -->
  </suite> <!-- Surefire suite -->
</testng-results>
